### ISSUE TITLE
[gcc]: Look into upstreaming AVX misalignment patch

### ISSUE THREAD

**Issue by lazka** [msys2/MINGW-packages#21516]
An issue to collect the history of the current patch, and to track the status:

Status quo: https://github.com/msys2/MINGW-packages/blob/b3727725c00fa0de5c57c745949aeff0fdbe6fb6/mingw-w64-gcc/PKGBUILD#L159-L166

* Upstream bug report: https://gcc.gnu.org/bugzilla/show_bug.cgi?id=54412
* Downstream bug reports:
   * https://bugs.debian.org/cgi-bin/bugreport.cgi?bug=939559
   * https://github.com/msys2/MSYS2-packages/issues/1209
   * https://sourceforge.net/p/mingw-w64/discussion/723797/thread/bc936130/
* Patches:
   * From Kai (currently used): https://github.com/msys2/MINGW-packages/pull/8317#issuecomment-824548411
   * From Debian: https://bugs.debian.org/cgi-bin/bugreport.cgi?bug=939559#32

History:

* We first tried the Debian patch here: https://github.com/msys2/MINGW-packages/pull/9998
* Then MS Defender ran amok: https://github.com/msys2/MINGW-packages/issues/10295
* Then we switched to Kai's patch: https://github.com/msys2/MINGW-packages/pull/10314

No issues since.

TODO:

* It would be nice to have a simple test case for this, to reproduce the crash
* Since this all goes above my head, this would require help:
   * We could post Kai's patch upstream to bugzilla (new bug or old one)
   * We could ask Kai to add a comment (he's active in IRC sometimes atm)

**Comment by pps83** [comment]
Perhaps related, with current msys2 build basic code segfault when build for haswell/skylake: https://github.com/msys2/MSYS2-packages/issues/5362

MSYS_NT-10.0-26100 MAIN-NOTE 3.6.1-28176974.x86_64 2025-04-20 19:58 UTC x86_64 Msys

**Comment by pps83** [comment]
> I tried [#8317 (comment)](https://github.com/msys2/MINGW-packages/pull/8317#issuecomment-925749899) with ucrt64 gcc 15.1.0.
> No segfault

These issues afaik do not exist in mingw64/mingw32/ucrt64. Only on msys2. Perhaps, the fix with `-Wa,-muse-unaligned-vector-move` isn't enabled in msys2 builds of gcc. Curiously, the issue doesn't exist with cygwin.

**Comment by pps83** [comment]
> Curiously, the issue doesn't exist with cygwin.


seems like a huge gcc bug. Now I get the same issue on cygwin as well.
Apparently, cygwin is now trailing behind msys and now has the same bug after getting updated gcc version.

**Comment by Andarwinux** [comment]
https://github.com/gcc-mirror/gcc/commit/77b2eaf09c77bf2dddcb8c35ee8bc9cc99e2f93c

**Comment by oltolm** [comment]
It was committed while I was fixing a regression. I sent a followup fix just now. It's my first time trying to contribute a significant patch to GCC. Of course it had go wrong.

**Comment by lazka** [comment]
Should we backport the new fixes over the current patch, or just wait for gcc 17?

**Comment by oltolm** [comment]
So far I am probably the only one who tested it. Maybe more people should test it first? Also the followup patch is not in yet. I submitted the latest version yesterday.

**Comment by oltolm** [comment]
I submitted v4 of the followup patch that I have extensively tested with VectorClass, highway, xsimd, simde and Vc. There were no regressions compared to the UCRT64 GCC. I am now much more confident in it.

I did test the very first version of my patch with VectorClass, but didn't realize, that because of inlining it did not test, what I thought it was testing. If you want to test the function calling convention, then you need to disable inligning.

**Comment by moyongxin** [comment]
> I submitted v4 of the followup patch that I have extensively tested with VectorClass, highway, xsimd, simde and Vc. There were no regressions compared to the UCRT64 GCC. I am now much more confident in it.
> 
> I did test the very first version of my patch with VectorClass, but didn't realize, that because of inlining it did not test, what I thought it was testing. If you want to test the function calling convention, then you need to disable inligning.

@oltolm After applying your patch to [this build of gcc](https://github.com/niXman/mingw-builds/tree/dedaa63b56ce9ec2e3a2465cd76b1f9111b0235e), I found gcc still generate improper code in libjxl:
```
=> 0x00007ff60c75ffd3 <_ZN3jxl19ModularFrameDecoder16FinalizeDecodingERKNS_11FrameHeaderEPNS_18PassesDecoderStateEPNS_10ThreadPoolEb+3667>:     vmovdqa %ymm0,0x70(%rsp)
   0x00007ff60c75ffd9 <_ZN3jxl19ModularFrameDecoder16FinalizeDecodingERKNS_11FrameHeaderEPNS_18PassesDecoderStateEPNS_10ThreadPoolEb+3673>:     vzeroupper
   0x00007ff60c75ffdc <_ZN3jxl19ModularFrameDecoder16FinalizeDecodingERKNS_11FrameHeaderEPNS_18PassesDecoderStateEPNS_10ThreadPoolEb+3676>:     call   0x7ff60c943800 <_ZNK3jxl19ModularFrameDecoder25ModularImageToDecodedRectERKNS_11FrameHeaderERNS_5ImageEPNS_18PassesDecoderStateEPNS_10ThreadPoolERNS_19RenderPipelineInputENS_5RectTIyEE.constprop.0>
End of assembler dump.
(gdb) p $rsp + 0x70
$1 = (void *) 0x5fe6f0
```
`_ZN3jxl19ModularFrameDecoder16FinalizeDecodingERKNS_11FrameHeaderEPNS_18PassesDecoderStateEPNS_10ThreadPoolEb` demangles to: `jxl::ModularFrameDecoder::FinalizeDecoding(jxl::FrameHeader const&, jxl::PassesDecoderState*, jxl::ThreadPool*, bool)`. To my understanding, this function does not have a return value or param that trigger dynamic stack space allocation(aka types with > 16-byte alignment), so spilled registers may still be allocated on under- aligned slots? I'm new to gcc and I was confused by the behaviours.

edit:
```
   0x00007ff60c75ffc0 <_ZN3jxl19ModularFrameDecoder16FinalizeDecodingERKNS_11FrameHeaderEPNS_18PassesDecoderStateEPNS_10ThreadPoolEb+3648>:     vmovdqu 0x120(%rsp),%ymm0
   0x00007ff60c75ffc9 <_ZN3jxl19ModularFrameDecoder16FinalizeDecodingERKNS_11FrameHeaderEPNS_18PassesDecoderStateEPNS_10ThreadPoolEb+3657>:     mov    %r13,0x28(%rsp)
   0x00007ff60c75ffce <_ZN3jxl19ModularFrameDecoder16FinalizeDecodingERKNS_11FrameHeaderEPNS_18PassesDecoderStateEPNS_10ThreadPoolEb+3662>:     mov    %r12,0x20(%rsp)
=> 0x00007ff60c75ffd3 <_ZN3jxl19ModularFrameDecoder16FinalizeDecodingERKNS_11FrameHeaderEPNS_18PassesDecoderStateEPNS_10ThreadPoolEb+3667>:     vmovdqa %ymm0,0x70(%rsp)
(gdb) p $rsp + 0x120
$2 = (void *) 0x5fe7a0
```
It is interesting that for `0x120(%rsp)`, which is 32-byte aligned, gcc generates an unaligned load instruction.

**Comment by oltolm** [comment]
This patch was rejected upstream for a good reason and I have abandoned it. I am currently working on a new patch, that uses a completely different approach. It's currently WIP: https://github.com/oltolm/gcc/tree/avx2.

**Comment by moyongxin** [comment]
> This patch was rejected upstream for a good reason and I have abandoned it. I am currently working on a new patch, that uses a completely different approach. It's currently WIP: https://github.com/oltolm/gcc/tree/avx2.

Thanks, I will check it later.
